NOTE: Picked up JDK_JAVA_OPTIONS:  --add-opens=java.base/java.lang=ALL-UNNAMED --add-opens=java.base/java.io=ALL-UNNAMED --add-opens=java.rmi/sun.rmi.transport=ALL-UNNAMED
13-Nov-2018 17:48:07.735 信息 [main] org.apache.catalina.startup.VersionLoggerListener.log Server version:        Apache Tomcat/9.0.12
13-Nov-2018 17:48:07.743 信息 [main] org.apache.catalina.startup.VersionLoggerListener.log Server built:          Sep 4 2018 22:13:41 UTC
13-Nov-2018 17:48:07.743 信息 [main] org.apache.catalina.startup.VersionLoggerListener.log Server number:         9.0.12.0
13-Nov-2018 17:48:07.744 信息 [main] org.apache.catalina.startup.VersionLoggerListener.log OS Name:               Mac OS X
13-Nov-2018 17:48:07.744 信息 [main] org.apache.catalina.startup.VersionLoggerListener.log OS Version:            10.14.1
13-Nov-2018 17:48:07.744 信息 [main] org.apache.catalina.startup.VersionLoggerListener.log Architecture:          x86_64
13-Nov-2018 17:48:07.744 信息 [main] org.apache.catalina.startup.VersionLoggerListener.log Java Home:             /Library/Java/JavaVirtualMachines/jdk-11.0.1.jdk/Contents/Home
13-Nov-2018 17:48:07.744 信息 [main] org.apache.catalina.startup.VersionLoggerListener.log JVM Version:           11.0.1+13-LTS
13-Nov-2018 17:48:07.745 信息 [main] org.apache.catalina.startup.VersionLoggerListener.log JVM Vendor:            Oracle Corporation
13-Nov-2018 17:48:07.745 信息 [main] org.apache.catalina.startup.VersionLoggerListener.log CATALINA_BASE:         /Volumes/BACKS/soft/apache-tomcat-8081
13-Nov-2018 17:48:07.745 信息 [main] org.apache.catalina.startup.VersionLoggerListener.log CATALINA_HOME:         /Volumes/BACKS/soft/apache-tomcat-8081
13-Nov-2018 17:48:07.748 信息 [main] org.apache.catalina.startup.VersionLoggerListener.log Command line argument: --add-opens=java.base/java.lang=ALL-UNNAMED
13-Nov-2018 17:48:07.748 信息 [main] org.apache.catalina.startup.VersionLoggerListener.log Command line argument: --add-opens=java.base/java.io=ALL-UNNAMED
13-Nov-2018 17:48:07.748 信息 [main] org.apache.catalina.startup.VersionLoggerListener.log Command line argument: --add-opens=java.rmi/sun.rmi.transport=ALL-UNNAMED
13-Nov-2018 17:48:07.749 信息 [main] org.apache.catalina.startup.VersionLoggerListener.log Command line argument: -Djava.util.logging.config.file=/Volumes/BACKS/soft/apache-tomcat-8081/conf/logging.properties
13-Nov-2018 17:48:07.749 信息 [main] org.apache.catalina.startup.VersionLoggerListener.log Command line argument: -Djava.util.logging.manager=org.apache.juli.ClassLoaderLogManager
13-Nov-2018 17:48:07.749 信息 [main] org.apache.catalina.startup.VersionLoggerListener.log Command line argument: -Djdk.tls.ephemeralDHKeySize=2048
13-Nov-2018 17:48:07.749 信息 [main] org.apache.catalina.startup.VersionLoggerListener.log Command line argument: -Djava.protocol.handler.pkgs=org.apache.catalina.webresources
13-Nov-2018 17:48:07.750 信息 [main] org.apache.catalina.startup.VersionLoggerListener.log Command line argument: -Dorg.apache.catalina.security.SecurityListener.UMASK=0027
13-Nov-2018 17:48:07.750 信息 [main] org.apache.catalina.startup.VersionLoggerListener.log Command line argument: -Dignore.endorsed.dirs=
13-Nov-2018 17:48:07.750 信息 [main] org.apache.catalina.startup.VersionLoggerListener.log Command line argument: -Dcatalina.base=/Volumes/BACKS/soft/apache-tomcat-8081
13-Nov-2018 17:48:07.750 信息 [main] org.apache.catalina.startup.VersionLoggerListener.log Command line argument: -Dcatalina.home=/Volumes/BACKS/soft/apache-tomcat-8081
13-Nov-2018 17:48:07.750 信息 [main] org.apache.catalina.startup.VersionLoggerListener.log Command line argument: -Djava.io.tmpdir=/Volumes/BACKS/soft/apache-tomcat-8081/temp
13-Nov-2018 17:48:07.751 信息 [main] org.apache.catalina.core.AprLifecycleListener.lifecycleEvent The APR based Apache Tomcat Native library which allows optimal performance in production environments was not found on the java.library.path: [/Users/liuxing/Library/Java/Extensions:/Library/Java/Extensions:/Network/Library/Java/Extensions:/System/Library/Java/Extensions:/usr/lib/java:.]
13-Nov-2018 17:48:07.797 信息 [main] org.apache.coyote.AbstractProtocol.init Initializing ProtocolHandler ["http-nio-8081"]
13-Nov-2018 17:48:07.818 信息 [main] org.apache.tomcat.util.net.NioSelectorPool.getSharedSelector Using a shared selector for servlet write/read
13-Nov-2018 17:48:07.824 信息 [main] org.apache.coyote.AbstractProtocol.init Initializing ProtocolHandler ["ajp-nio-8010"]
13-Nov-2018 17:48:07.825 严重 [main] org.apache.catalina.util.LifecycleBase.handleSubClassException Failed to initialize component [Connector[AJP/1.3-8010]]
 org.apache.catalina.LifecycleException: Protocol handler initialization failed
	at org.apache.catalina.connector.Connector.initInternal(Connector.java:935)
	at org.apache.catalina.util.LifecycleBase.init(LifecycleBase.java:136)
	at org.apache.catalina.core.StandardService.initInternal(StandardService.java:533)
	at org.apache.catalina.util.LifecycleBase.init(LifecycleBase.java:136)
	at org.apache.catalina.core.StandardServer.initInternal(StandardServer.java:852)
	at org.apache.catalina.util.LifecycleBase.init(LifecycleBase.java:136)
	at org.apache.catalina.startup.Catalina.load(Catalina.java:633)
	at org.apache.catalina.startup.Catalina.load(Catalina.java:656)
	at java.base/jdk.internal.reflect.NativeMethodAccessorImpl.invoke0(Native Method)
	at java.base/jdk.internal.reflect.NativeMethodAccessorImpl.invoke(NativeMethodAccessorImpl.java:62)
	at java.base/jdk.internal.reflect.DelegatingMethodAccessorImpl.invoke(DelegatingMethodAccessorImpl.java:43)
	at java.base/java.lang.reflect.Method.invoke(Method.java:566)
	at org.apache.catalina.startup.Bootstrap.load(Bootstrap.java:306)
	at org.apache.catalina.startup.Bootstrap.main(Bootstrap.java:491)
Caused by: java.net.BindException: Address already in use
	at java.base/sun.nio.ch.Net.bind0(Native Method)
	at java.base/sun.nio.ch.Net.bind(Net.java:461)
	at java.base/sun.nio.ch.Net.bind(Net.java:453)
	at java.base/sun.nio.ch.ServerSocketChannelImpl.bind(ServerSocketChannelImpl.java:227)
	at java.base/sun.nio.ch.ServerSocketAdaptor.bind(ServerSocketAdaptor.java:80)
	at org.apache.tomcat.util.net.NioEndpoint.initServerSocket(NioEndpoint.java:236)
	at org.apache.tomcat.util.net.NioEndpoint.bind(NioEndpoint.java:210)
	at org.apache.tomcat.util.net.AbstractEndpoint.init(AbstractEndpoint.java:1044)
	at org.apache.coyote.AbstractProtocol.init(AbstractProtocol.java:540)
	at org.apache.catalina.connector.Connector.initInternal(Connector.java:932)
	... 13 more

13-Nov-2018 17:48:07.827 信息 [main] org.apache.catalina.startup.Catalina.load Initialization processed in 503 ms
13-Nov-2018 17:48:07.877 信息 [main] org.apache.catalina.core.StandardService.startInternal Starting service [Catalina]
13-Nov-2018 17:48:07.877 信息 [main] org.apache.catalina.core.StandardEngine.startInternal Starting Servlet Engine: Apache Tomcat/9.0.12
13-Nov-2018 17:48:07.885 信息 [main] org.apache.catalina.startup.HostConfig.deployDirectory Deploying web application directory [/Volumes/BACKS/soft/apache-tomcat-8081/webapps/docs]
13-Nov-2018 17:48:08.315 信息 [main] org.apache.catalina.startup.HostConfig.deployDirectory Deployment of web application directory [/Volumes/BACKS/soft/apache-tomcat-8081/webapps/docs] has finished in [431] ms
13-Nov-2018 17:48:08.316 信息 [main] org.apache.catalina.startup.HostConfig.deployDirectory Deploying web application directory [/Volumes/BACKS/soft/apache-tomcat-8081/webapps/examples]
13-Nov-2018 17:48:08.642 信息 [main] org.apache.catalina.startup.HostConfig.deployDirectory Deployment of web application directory [/Volumes/BACKS/soft/apache-tomcat-8081/webapps/examples] has finished in [325] ms
13-Nov-2018 17:48:08.642 信息 [main] org.apache.catalina.startup.HostConfig.deployDirectory Deploying web application directory [/Volumes/BACKS/soft/apache-tomcat-8081/webapps/host-manager]
13-Nov-2018 17:48:08.672 信息 [main] org.apache.catalina.startup.HostConfig.deployDirectory Deployment of web application directory [/Volumes/BACKS/soft/apache-tomcat-8081/webapps/host-manager] has finished in [30] ms
13-Nov-2018 17:48:08.672 信息 [main] org.apache.catalina.startup.HostConfig.deployDirectory Deploying web application directory [/Volumes/BACKS/soft/apache-tomcat-8081/webapps/manager]
13-Nov-2018 17:48:08.697 信息 [main] org.apache.catalina.startup.HostConfig.deployDirectory Deployment of web application directory [/Volumes/BACKS/soft/apache-tomcat-8081/webapps/manager] has finished in [25] ms
13-Nov-2018 17:48:08.697 信息 [main] org.apache.catalina.startup.HostConfig.deployDirectory Deploying web application directory [/Volumes/BACKS/soft/apache-tomcat-8081/webapps/ROOT]
13-Nov-2018 17:48:08.716 信息 [main] org.apache.catalina.startup.HostConfig.deployDirectory Deployment of web application directory [/Volumes/BACKS/soft/apache-tomcat-8081/webapps/ROOT] has finished in [19] ms
13-Nov-2018 17:48:08.716 信息 [main] org.apache.catalina.startup.HostConfig.deployDirectory Deploying web application directory [/Volumes/BACKS/soft/apache-tomcat-8081/webapps/utf8-jsp]
13-Nov-2018 17:48:08.742 信息 [main] org.apache.catalina.startup.HostConfig.deployDirectory Deployment of web application directory [/Volumes/BACKS/soft/apache-tomcat-8081/webapps/utf8-jsp] has finished in [25] ms
13-Nov-2018 17:48:08.744 信息 [main] org.apache.coyote.AbstractProtocol.start Starting ProtocolHandler ["http-nio-8081"]
13-Nov-2018 17:48:08.754 信息 [main] org.apache.catalina.startup.Catalina.start Server startup in 926 ms
13-Nov-2018 17:48:08.762 严重 [main] org.apache.catalina.core.StandardServer.await StandardServer.await: create[localhost:8006]: 
 java.net.BindException: Address already in use (Bind failed)
	at java.base/java.net.PlainSocketImpl.socketBind(Native Method)
	at java.base/java.net.AbstractPlainSocketImpl.bind(AbstractPlainSocketImpl.java:436)
	at java.base/java.net.ServerSocket.bind(ServerSocket.java:381)
	at java.base/java.net.ServerSocket.<init>(ServerSocket.java:243)
	at org.apache.catalina.core.StandardServer.await(StandardServer.java:422)
	at org.apache.catalina.startup.Catalina.await(Catalina.java:770)
	at org.apache.catalina.startup.Catalina.start(Catalina.java:716)
	at java.base/jdk.internal.reflect.NativeMethodAccessorImpl.invoke0(Native Method)
	at java.base/jdk.internal.reflect.NativeMethodAccessorImpl.invoke(NativeMethodAccessorImpl.java:62)
	at java.base/jdk.internal.reflect.DelegatingMethodAccessorImpl.invoke(DelegatingMethodAccessorImpl.java:43)
	at java.base/java.lang.reflect.Method.invoke(Method.java:566)
	at org.apache.catalina.startup.Bootstrap.start(Bootstrap.java:350)
	at org.apache.catalina.startup.Bootstrap.main(Bootstrap.java:492)

13-Nov-2018 17:48:08.762 信息 [main] org.apache.coyote.AbstractProtocol.pause Pausing ProtocolHandler ["http-nio-8081"]
13-Nov-2018 17:48:08.822 信息 [main] org.apache.coyote.AbstractProtocol.pause Pausing ProtocolHandler ["ajp-nio-8010"]
13-Nov-2018 17:48:08.822 信息 [main] org.apache.catalina.core.StandardService.stopInternal Stopping service [Catalina]
13-Nov-2018 17:48:08.848 信息 [main] org.apache.coyote.AbstractProtocol.stop Stopping ProtocolHandler ["http-nio-8081"]
13-Nov-2018 17:48:08.854 信息 [main] org.apache.coyote.AbstractProtocol.destroy Destroying ProtocolHandler ["http-nio-8081"]
13-Nov-2018 17:48:08.855 信息 [main] org.apache.coyote.AbstractProtocol.stop Stopping ProtocolHandler ["ajp-nio-8010"]
13-Nov-2018 17:48:08.855 信息 [main] org.apache.coyote.AbstractProtocol.destroy Destroying ProtocolHandler ["ajp-nio-8010"]
NOTE: Picked up JDK_JAVA_OPTIONS:  --add-opens=java.base/java.lang=ALL-UNNAMED --add-opens=java.base/java.io=ALL-UNNAMED --add-opens=java.rmi/sun.rmi.transport=ALL-UNNAMED
13-Nov-2018 17:48:49.894 信息 [main] org.apache.catalina.startup.VersionLoggerListener.log Server version:        Apache Tomcat/9.0.12
13-Nov-2018 17:48:49.900 信息 [main] org.apache.catalina.startup.VersionLoggerListener.log Server built:          Sep 4 2018 22:13:41 UTC
13-Nov-2018 17:48:49.900 信息 [main] org.apache.catalina.startup.VersionLoggerListener.log Server number:         9.0.12.0
13-Nov-2018 17:48:49.901 信息 [main] org.apache.catalina.startup.VersionLoggerListener.log OS Name:               Mac OS X
13-Nov-2018 17:48:49.902 信息 [main] org.apache.catalina.startup.VersionLoggerListener.log OS Version:            10.14.1
13-Nov-2018 17:48:49.902 信息 [main] org.apache.catalina.startup.VersionLoggerListener.log Architecture:          x86_64
13-Nov-2018 17:48:49.903 信息 [main] org.apache.catalina.startup.VersionLoggerListener.log Java Home:             /Library/Java/JavaVirtualMachines/jdk-11.0.1.jdk/Contents/Home
13-Nov-2018 17:48:49.903 信息 [main] org.apache.catalina.startup.VersionLoggerListener.log JVM Version:           11.0.1+13-LTS
13-Nov-2018 17:48:49.903 信息 [main] org.apache.catalina.startup.VersionLoggerListener.log JVM Vendor:            Oracle Corporation
13-Nov-2018 17:48:49.903 信息 [main] org.apache.catalina.startup.VersionLoggerListener.log CATALINA_BASE:         /Volumes/BACKS/soft/apache-tomcat-8081
13-Nov-2018 17:48:49.904 信息 [main] org.apache.catalina.startup.VersionLoggerListener.log CATALINA_HOME:         /Volumes/BACKS/soft/apache-tomcat-8081
13-Nov-2018 17:48:49.905 信息 [main] org.apache.catalina.startup.VersionLoggerListener.log Command line argument: --add-opens=java.base/java.lang=ALL-UNNAMED
13-Nov-2018 17:48:49.906 信息 [main] org.apache.catalina.startup.VersionLoggerListener.log Command line argument: --add-opens=java.base/java.io=ALL-UNNAMED
13-Nov-2018 17:48:49.906 信息 [main] org.apache.catalina.startup.VersionLoggerListener.log Command line argument: --add-opens=java.rmi/sun.rmi.transport=ALL-UNNAMED
13-Nov-2018 17:48:49.906 信息 [main] org.apache.catalina.startup.VersionLoggerListener.log Command line argument: -Djava.util.logging.config.file=/Volumes/BACKS/soft/apache-tomcat-8081/conf/logging.properties
13-Nov-2018 17:48:49.906 信息 [main] org.apache.catalina.startup.VersionLoggerListener.log Command line argument: -Djava.util.logging.manager=org.apache.juli.ClassLoaderLogManager
13-Nov-2018 17:48:49.906 信息 [main] org.apache.catalina.startup.VersionLoggerListener.log Command line argument: -Djdk.tls.ephemeralDHKeySize=2048
13-Nov-2018 17:48:49.907 信息 [main] org.apache.catalina.startup.VersionLoggerListener.log Command line argument: -Djava.protocol.handler.pkgs=org.apache.catalina.webresources
13-Nov-2018 17:48:49.907 信息 [main] org.apache.catalina.startup.VersionLoggerListener.log Command line argument: -Dorg.apache.catalina.security.SecurityListener.UMASK=0027
13-Nov-2018 17:48:49.907 信息 [main] org.apache.catalina.startup.VersionLoggerListener.log Command line argument: -Dignore.endorsed.dirs=
13-Nov-2018 17:48:49.907 信息 [main] org.apache.catalina.startup.VersionLoggerListener.log Command line argument: -Dcatalina.base=/Volumes/BACKS/soft/apache-tomcat-8081
13-Nov-2018 17:48:49.907 信息 [main] org.apache.catalina.startup.VersionLoggerListener.log Command line argument: -Dcatalina.home=/Volumes/BACKS/soft/apache-tomcat-8081
13-Nov-2018 17:48:49.907 信息 [main] org.apache.catalina.startup.VersionLoggerListener.log Command line argument: -Djava.io.tmpdir=/Volumes/BACKS/soft/apache-tomcat-8081/temp
13-Nov-2018 17:48:49.908 信息 [main] org.apache.catalina.core.AprLifecycleListener.lifecycleEvent The APR based Apache Tomcat Native library which allows optimal performance in production environments was not found on the java.library.path: [/Users/liuxing/Library/Java/Extensions:/Library/Java/Extensions:/Network/Library/Java/Extensions:/System/Library/Java/Extensions:/usr/lib/java:.]
13-Nov-2018 17:48:49.954 信息 [main] org.apache.coyote.AbstractProtocol.init Initializing ProtocolHandler ["http-nio-8081"]
13-Nov-2018 17:48:49.975 信息 [main] org.apache.tomcat.util.net.NioSelectorPool.getSharedSelector Using a shared selector for servlet write/read
13-Nov-2018 17:48:49.983 信息 [main] org.apache.coyote.AbstractProtocol.init Initializing ProtocolHandler ["ajp-nio-8010"]
13-Nov-2018 17:48:49.984 信息 [main] org.apache.tomcat.util.net.NioSelectorPool.getSharedSelector Using a shared selector for servlet write/read
13-Nov-2018 17:48:49.984 信息 [main] org.apache.catalina.startup.Catalina.load Initialization processed in 542 ms
13-Nov-2018 17:48:50.036 信息 [main] org.apache.catalina.core.StandardService.startInternal Starting service [Catalina]
13-Nov-2018 17:48:50.036 信息 [main] org.apache.catalina.core.StandardEngine.startInternal Starting Servlet Engine: Apache Tomcat/9.0.12
13-Nov-2018 17:48:50.044 信息 [main] org.apache.catalina.startup.HostConfig.deployDirectory Deploying web application directory [/Volumes/BACKS/soft/apache-tomcat-8081/webapps/docs]
13-Nov-2018 17:48:50.382 信息 [main] org.apache.catalina.startup.HostConfig.deployDirectory Deployment of web application directory [/Volumes/BACKS/soft/apache-tomcat-8081/webapps/docs] has finished in [338] ms
13-Nov-2018 17:48:50.383 信息 [main] org.apache.catalina.startup.HostConfig.deployDirectory Deploying web application directory [/Volumes/BACKS/soft/apache-tomcat-8081/webapps/examples]
13-Nov-2018 17:48:50.610 信息 [main] org.apache.catalina.startup.HostConfig.deployDirectory Deployment of web application directory [/Volumes/BACKS/soft/apache-tomcat-8081/webapps/examples] has finished in [227] ms
13-Nov-2018 17:48:50.611 信息 [main] org.apache.catalina.startup.HostConfig.deployDirectory Deploying web application directory [/Volumes/BACKS/soft/apache-tomcat-8081/webapps/host-manager]
13-Nov-2018 17:48:50.638 信息 [main] org.apache.catalina.startup.HostConfig.deployDirectory Deployment of web application directory [/Volumes/BACKS/soft/apache-tomcat-8081/webapps/host-manager] has finished in [27] ms
13-Nov-2018 17:48:50.638 信息 [main] org.apache.catalina.startup.HostConfig.deployDirectory Deploying web application directory [/Volumes/BACKS/soft/apache-tomcat-8081/webapps/manager]
13-Nov-2018 17:48:50.657 信息 [main] org.apache.catalina.startup.HostConfig.deployDirectory Deployment of web application directory [/Volumes/BACKS/soft/apache-tomcat-8081/webapps/manager] has finished in [19] ms
13-Nov-2018 17:48:50.658 信息 [main] org.apache.catalina.startup.HostConfig.deployDirectory Deploying web application directory [/Volumes/BACKS/soft/apache-tomcat-8081/webapps/ROOT]
13-Nov-2018 17:48:50.675 信息 [main] org.apache.catalina.startup.HostConfig.deployDirectory Deployment of web application directory [/Volumes/BACKS/soft/apache-tomcat-8081/webapps/ROOT] has finished in [17] ms
13-Nov-2018 17:48:50.676 信息 [main] org.apache.catalina.startup.HostConfig.deployDirectory Deploying web application directory [/Volumes/BACKS/soft/apache-tomcat-8081/webapps/utf8-jsp]
13-Nov-2018 17:48:50.701 信息 [main] org.apache.catalina.startup.HostConfig.deployDirectory Deployment of web application directory [/Volumes/BACKS/soft/apache-tomcat-8081/webapps/utf8-jsp] has finished in [26] ms
13-Nov-2018 17:48:50.704 信息 [main] org.apache.coyote.AbstractProtocol.start Starting ProtocolHandler ["http-nio-8081"]
13-Nov-2018 17:48:50.713 信息 [main] org.apache.coyote.AbstractProtocol.start Starting ProtocolHandler ["ajp-nio-8010"]
13-Nov-2018 17:48:50.715 信息 [main] org.apache.catalina.startup.Catalina.start Server startup in 730 ms
13-Nov-2018 17:49:48.844 信息 [main] org.apache.catalina.core.StandardServer.await A valid shutdown command was received via the shutdown port. Stopping the Server instance.
13-Nov-2018 17:49:48.844 信息 [main] org.apache.coyote.AbstractProtocol.pause Pausing ProtocolHandler ["http-nio-8081"]
13-Nov-2018 17:49:48.901 信息 [main] org.apache.coyote.AbstractProtocol.pause Pausing ProtocolHandler ["ajp-nio-8010"]
13-Nov-2018 17:49:48.903 信息 [main] org.apache.catalina.core.StandardService.stopInternal Stopping service [Catalina]
13-Nov-2018 17:49:48.933 信息 [main] org.apache.coyote.AbstractProtocol.stop Stopping ProtocolHandler ["http-nio-8081"]
13-Nov-2018 17:49:48.936 信息 [main] org.apache.coyote.AbstractProtocol.stop Stopping ProtocolHandler ["ajp-nio-8010"]
13-Nov-2018 17:49:48.939 信息 [main] org.apache.coyote.AbstractProtocol.destroy Destroying ProtocolHandler ["http-nio-8081"]
13-Nov-2018 17:49:48.940 信息 [main] org.apache.coyote.AbstractProtocol.destroy Destroying ProtocolHandler ["ajp-nio-8010"]
